scgenerator.initialize: computed initial N = 8.66
scgenerator.physics.simulate: launching simulation with [('wavelength', 8.35e-07), ('num', 0)]
wavelength_8.35e-07_num_0: Storing 63 new spectra, first one at 0.00031746031746031746m
wavelength_8.35e-07_num_0: step 1 rejected with h = 1.5873e-04, doing over
wavelength_8.35e-07_num_0: step 1 rejected with h = 7.9365e-05, doing over
wavelength_8.35e-07_num_0: [34mremaining : 0h 0min 0s (11% in total). [31mETA : 2021-01-28 16:01:39[0m (132 steps). z = 0.0022, h = 5.5668e-06
wavelength_8.35e-07_num_0: [34mremaining : 0h 0min 4s (20% in total). [31mETA : 2021-01-28 16:01:44[0m (353 steps). z = 0.0041, h = 4.8586e-06
wavelength_8.35e-07_num_0: [34mremaining : 0h 0min 25s (30% in total). [31mETA : 2021-01-28 16:02:16[0m (2638 steps). z = 0.0060, h = 9.7856e-07
wavelength_8.35e-07_num_0: [34mremaining : 0h 0min 21s (41% in total). [31mETA : 2021-01-28 16:02:15[0m (3444 steps). z = 0.0083, h = 1.7968e-06
wavelength_8.35e-07_num_0: [34mremaining : 0h 0min 16s (50% in total). [31mETA : 2021-01-28 16:02:10[0m (3706 steps). z = 0.0102, h = 2.8346e-06
wavelength_8.35e-07_num_0: [34mremaining : 0h 0min 11s (60% in total). [31mETA : 2021-01-28 16:02:07[0m (3915 steps). z = 0.0121, h = 8.8081e-06
wavelength_8.35e-07_num_0: [34mremaining : 0h 0min 7s (71% in total). [31mETA : 2021-01-28 16:02:03[0m (4135 steps). z = 0.0143, h = 5.7601e-06
wavelength_8.35e-07_num_0: [34mremaining : 0h 0min 4s (80% in total). [31mETA : 2021-01-28 16:02:01[0m (4307 steps). z = 0.0162, h = 6.6994e-06
wavelength_8.35e-07_num_0: [34mremaining : 0h 0min 2s (90% in total). [31mETA : 2021-01-28 16:02:00[0m (4466 steps). z = 0.0181, h = 5.4078e-06
wavelength_8.35e-07_num_0: [34mremaining : 0h 0min 0s (100% in total). [31mETA : 2021-01-28 16:01:59[0m (4634 steps). z = 0.0200, h = 7.4967e-06
wavelength_8.35e-07_num_0: propagation finished in 4634 steps (19.990754 seconds)
scgenerator.initialize: computed initial N = 8.66
scgenerator.physics.simulate: launching simulation with [('wavelength', 8.3e-07), ('num', 0)]
wavelength_8.3e-07_num_0: Storing 63 new spectra, first one at 0.00031746031746031746m
wavelength_8.3e-07_num_0: step 1 rejected with h = 1.5873e-04, doing over
wavelength_8.3e-07_num_0: step 1 rejected with h = 7.9365e-05, doing over
wavelength_8.3e-07_num_0: [34mremaining : 0h 0min 0s (11% in total). [31mETA : 2021-01-28 16:02:00[0m (132 steps). z = 0.0022, h = 5.5668e-06
wavelength_8.3e-07_num_0: [34mremaining : 0h 0min 4s (20% in total). [31mETA : 2021-01-28 16:02:05[0m (353 steps). z = 0.0041, h = 4.8586e-06
wavelength_8.3e-07_num_0: step 997 rejected with h = 2.7537e-06, doing over
wavelength_8.3e-07_num_0: [34mremaining : 0h 0min 23s (30% in total). [31mETA : 2021-01-28 16:02:33[0m (2162 steps). z = 0.0060, h = 3.8127e-08
wavelength_8.3e-07_num_0: [34mremaining : 0h 0min 19s (41% in total). [31mETA : 2021-01-28 16:02:31[0m (2991 steps). z = 0.0083, h = 5.8562e-06
wavelength_8.3e-07_num_0: [34mremaining : 0h 0min 14s (50% in total). [31mETA : 2021-01-28 16:02:28[0m (3242 steps). z = 0.0102, h = 6.5756e-06
wavelength_8.3e-07_num_0: [34mremaining : 0h 0min 10s (60% in total). [31mETA : 2021-01-28 16:02:25[0m (3443 steps). z = 0.0121, h = 2.9227e-06
wavelength_8.3e-07_num_0: [34mremaining : 0h 0min 6s (71% in total). [31mETA : 2021-01-28 16:02:22[0m (3664 steps). z = 0.0143, h = 1.1425e-05
wavelength_8.3e-07_num_0: [34mremaining : 0h 0min 4s (80% in total). [31mETA : 2021-01-28 16:02:21[0m (3833 steps). z = 0.0162, h = 1.0515e-05
wavelength_8.3e-07_num_0: [34mremaining : 0h 0min 2s (90% in total). [31mETA : 2021-01-28 16:02:19[0m (4003 steps). z = 0.0181, h = 7.4644e-06
wavelength_8.3e-07_num_0: [34mremaining : 0h 0min 0s (100% in total). [31mETA : 2021-01-28 16:02:18[0m (4181 steps). z = 0.0200, h = 1.21e-05
wavelength_8.3e-07_num_0: propagation finished in 4181 steps (18.946698 seconds)
scgenerator.physics.simulate: Merging data...
scgenerator.physics.simulate: Finished simulations from config full anomalous !
scgenerator.physics.simulate: 1 node in the Ray cluster : ['Obento.fritz.box']
scgenerator.initialize: computed initial N = 8.66
scgenerator.physics.simulate: launching simulation with [('wavelength', 8.35e-07), ('num', 0)], job : df5a1a828c9685d3ffffffff0100000001000000
scgenerator.initialize: computed initial N = 8.66
scgenerator.physics.simulate: launching simulation with [('wavelength', 8.3e-07), ('num', 0)], job : cb230a572350ff44ffffffff0100000001000000
wavelength_8.35e-07_num_0: Storing 63 new spectra, first one at 0.00031746031746031746m
wavelength_8.35e-07_num_0: step 1 rejected with h = 1.5873e-04, doing over
wavelength_8.35e-07_num_0: step 1 rejected with h = 7.9365e-05, doing over
wavelength_8.3e-07_num_0: Storing 63 new spectra, first one at 0.00031746031746031746m
wavelength_8.3e-07_num_0: step 1 rejected with h = 1.5873e-04, doing over
wavelength_8.3e-07_num_0: step 1 rejected with h = 7.9365e-05, doing over
wavelength_8.35e-07_num_0: [34mremaining : 0h 0min 0s (11% in total). [31mETA : 2021-01-28 16:08:57[0m (132 steps). z = 0.0022, h = 5.5668e-06
wavelength_8.3e-07_num_0: [34mremaining : 0h 0min 0s (11% in total). [31mETA : 2021-01-28 16:08:58[0m (132 steps). z = 0.0022, h = 5.5668e-06
wavelength_8.35e-07_num_0: [34mremaining : 0h 0min 4s (20% in total). [31mETA : 2021-01-28 16:09:02[0m (353 steps). z = 0.0041, h = 4.8586e-06
wavelength_8.3e-07_num_0: [34mremaining : 0h 0min 4s (20% in total). [31mETA : 2021-01-28 16:09:03[0m (353 steps). z = 0.0041, h = 4.8586e-06
wavelength_8.3e-07_num_0: step 997 rejected with h = 2.7537e-06, doing over
wavelength_8.3e-07_num_0: [34mremaining : 0h 0min 23s (30% in total). [31mETA : 2021-01-28 16:09:31[0m (2162 steps). z = 0.0060, h = 3.8127e-08
wavelength_8.35e-07_num_0: [34mremaining : 0h 0min 28s (30% in total). [31mETA : 2021-01-28 16:09:37[0m (2638 steps). z = 0.0060, h = 9.7856e-07
wavelength_8.3e-07_num_0: [34mremaining : 0h 0min 20s (41% in total). [31mETA : 2021-01-28 16:09:31[0m (2991 steps). z = 0.0083, h = 5.8562e-06
wavelength_8.3e-07_num_0: [34mremaining : 0h 0min 16s (50% in total). [31mETA : 2021-01-28 16:09:28[0m (3242 steps). z = 0.0102, h = 6.5756e-06
wavelength_8.35e-07_num_0: [34mremaining : 0h 0min 24s (41% in total). [31mETA : 2021-01-28 16:09:37[0m (3444 steps). z = 0.0083, h = 1.7968e-06
wavelength_8.3e-07_num_0: [34mremaining : 0h 0min 11s (60% in total). [31mETA : 2021-01-28 16:09:25[0m (3443 steps). z = 0.0121, h = 2.9227e-06
wavelength_8.35e-07_num_0: [34mremaining : 0h 0min 17s (50% in total). [31mETA : 2021-01-28 16:09:32[0m (3706 steps). z = 0.0102, h = 2.8346e-06
wavelength_8.3e-07_num_0: [34mremaining : 0h 0min 7s (71% in total). [31mETA : 2021-01-28 16:09:22[0m (3664 steps). z = 0.0143, h = 1.1425e-05
wavelength_8.35e-07_num_0: [34mremaining : 0h 0min 12s (60% in total). [31mETA : 2021-01-28 16:09:28[0m (3915 steps). z = 0.0121, h = 8.8081e-06
wavelength_8.3e-07_num_0: [34mremaining : 0h 0min 4s (80% in total). [31mETA : 2021-01-28 16:09:20[0m (3833 steps). z = 0.0162, h = 1.0515e-05
wavelength_8.35e-07_num_0: [34mremaining : 0h 0min 8s (71% in total). [31mETA : 2021-01-28 16:09:25[0m (4135 steps). z = 0.0143, h = 5.7601e-06
wavelength_8.3e-07_num_0: [34mremaining : 0h 0min 2s (90% in total). [31mETA : 2021-01-28 16:09:19[0m (4003 steps). z = 0.0181, h = 7.4644e-06
wavelength_8.35e-07_num_0: [34mremaining : 0h 0min 5s (80% in total). [31mETA : 2021-01-28 16:09:23[0m (4307 steps). z = 0.0162, h = 6.6994e-06
wavelength_8.3e-07_num_0: [34mremaining : 0h 0min 0s (100% in total). [31mETA : 2021-01-28 16:09:18[0m (4181 steps). z = 0.0200, h = 1.21e-05
wavelength_8.3e-07_num_0: propagation finished in 4181 steps (20.752765 seconds)
wavelength_8.35e-07_num_0: [34mremaining : 0h 0min 2s (90% in total). [31mETA : 2021-01-28 16:09:21[0m (4466 steps). z = 0.0181, h = 5.4078e-06
wavelength_8.35e-07_num_0: [34mremaining : 0h 0min 0s (100% in total). [31mETA : 2021-01-28 16:09:19[0m (4634 steps). z = 0.0200, h = 7.4967e-06
wavelength_8.35e-07_num_0: propagation finished in 4634 steps (22.817256 seconds)
scgenerator.physics.simulate: Merging data...
scgenerator.physics.simulate: Finished simulations from config full anomalous !
scgenerator.physics.simulate: 1 node in the Ray cluster : ['Obento.fritz.box']
scgenerator.initialize: computed initial N = 8.66
scgenerator.physics.simulate: launching simulation with [('wavelength', 8.35e-07), ('num', 0)], job : df5a1a828c9685d3ffffffff0100000001000000
scgenerator.physics.simulate: launching simulation with [('wavelength', 8.35e-07), ('num', 1)], job : cb230a572350ff44ffffffff0100000001000000
wavelength_8.35e-07_num_0: Storing 63 new spectra, first one at 0.00031746031746031746m
wavelength_8.35e-07_num_0: step 1 rejected with h = 1.5873e-04, doing over
wavelength_8.35e-07_num_0: step 1 rejected with h = 7.9365e-05, doing over
wavelength_8.35e-07_num_1: Storing 63 new spectra, first one at 0.00031746031746031746m
wavelength_8.35e-07_num_1: step 1 rejected with h = 1.5873e-04, doing over
wavelength_8.35e-07_num_1: step 1 rejected with h = 7.9365e-05, doing over
wavelength_8.35e-07_num_0: [34mremaining : 0h 0min 0s (11% in total). [31mETA : 2021-01-28 16:21:10[0m (132 steps). z = 0.0022, h = 5.5668e-06
wavelength_8.35e-07_num_1: [34mremaining : 0h 0min 0s (11% in total). [31mETA : 2021-01-28 16:21:11[0m (132 steps). z = 0.0022, h = 5.5668e-06
wavelength_8.35e-07_num_0: [34mremaining : 0h 0min 4s (20% in total). [31mETA : 2021-01-28 16:21:15[0m (353 steps). z = 0.0041, h = 4.8586e-06
wavelength_8.35e-07_num_1: [34mremaining : 0h 0min 4s (20% in total). [31mETA : 2021-01-28 16:21:16[0m (353 steps). z = 0.0041, h = 4.8586e-06
wavelength_8.35e-07_num_0: [34mremaining : 0h 0min 30s (30% in total). [31mETA : 2021-01-28 16:21:54[0m (2638 steps). z = 0.0060, h = 9.7856e-07
wavelength_8.35e-07_num_1: [34mremaining : 0h 0min 30s (30% in total). [31mETA : 2021-01-28 16:21:54[0m (2638 steps). z = 0.0060, h = 9.7856e-07
wavelength_8.35e-07_num_0: [34mremaining : 0h 0min 24s (41% in total). [31mETA : 2021-01-28 16:21:52[0m (3444 steps). z = 0.0083, h = 1.7968e-06
wavelength_8.35e-07_num_1: [34mremaining : 0h 0min 24s (41% in total). [31mETA : 2021-01-28 16:21:52[0m (3444 steps). z = 0.0083, h = 1.7968e-06
wavelength_8.35e-07_num_0: [34mremaining : 0h 0min 17s (50% in total). [31mETA : 2021-01-28 16:21:46[0m (3706 steps). z = 0.0102, h = 2.8346e-06
wavelength_8.35e-07_num_1: [34mremaining : 0h 0min 17s (50% in total). [31mETA : 2021-01-28 16:21:47[0m (3706 steps). z = 0.0102, h = 2.8346e-06
wavelength_8.35e-07_num_0: [34mremaining : 0h 0min 12s (60% in total). [31mETA : 2021-01-28 16:21:42[0m (3915 steps). z = 0.0121, h = 8.8081e-06
wavelength_8.35e-07_num_1: [34mremaining : 0h 0min 12s (60% in total). [31mETA : 2021-01-28 16:21:43[0m (3915 steps). z = 0.0121, h = 8.8081e-06
wavelength_8.35e-07_num_0: [34mremaining : 0h 0min 8s (71% in total). [31mETA : 2021-01-28 16:21:39[0m (4135 steps). z = 0.0143, h = 5.7601e-06
wavelength_8.35e-07_num_1: [34mremaining : 0h 0min 8s (71% in total). [31mETA : 2021-01-28 16:21:39[0m (4135 steps). z = 0.0143, h = 5.7601e-06
wavelength_8.35e-07_num_0: [34mremaining : 0h 0min 5s (80% in total). [31mETA : 2021-01-28 16:21:37[0m (4307 steps). z = 0.0162, h = 6.6994e-06
wavelength_8.35e-07_num_1: [34mremaining : 0h 0min 5s (80% in total). [31mETA : 2021-01-28 16:21:37[0m (4307 steps). z = 0.0162, h = 6.6994e-06
wavelength_8.35e-07_num_0: [34mremaining : 0h 0min 2s (90% in total). [31mETA : 2021-01-28 16:21:35[0m (4466 steps). z = 0.0181, h = 5.4078e-06
wavelength_8.35e-07_num_1: [34mremaining : 0h 0min 2s (90% in total). [31mETA : 2021-01-28 16:21:35[0m (4466 steps). z = 0.0181, h = 5.4078e-06
wavelength_8.35e-07_num_0: [34mremaining : 0h 0min 0s (100% in total). [31mETA : 2021-01-28 16:21:33[0m (4634 steps). z = 0.0200, h = 7.4967e-06
wavelength_8.35e-07_num_0: propagation finished in 4634 steps (23.470734 seconds)
scgenerator.physics.simulate: launching simulation with [('wavelength', 8.35e-07), ('num', 2)], job : 7bbd90284b71e599ffffffff0100000001000000
wavelength_8.35e-07_num_1: [34mremaining : 0h 0min 0s (100% in total). [31mETA : 2021-01-28 16:21:34[0m (4634 steps). z = 0.0200, h = 7.4967e-06
wavelength_8.35e-07_num_1: propagation finished in 4634 steps (23.325504 seconds)
scgenerator.physics.simulate: launching simulation with [('wavelength', 8.35e-07), ('num', 3)], job : bd37d2621480fc7dffffffff0100000001000000
scgenerator.initialize: computed initial N = 8.66
wavelength_8.35e-07_num_2: Storing 63 new spectra, first one at 0.00031746031746031746m
wavelength_8.35e-07_num_2: step 1 rejected with h = 1.5873e-04, doing over
wavelength_8.35e-07_num_2: step 1 rejected with h = 7.9365e-05, doing over
wavelength_8.35e-07_num_3: Storing 63 new spectra, first one at 0.00031746031746031746m
wavelength_8.35e-07_num_3: step 1 rejected with h = 1.5873e-04, doing over
wavelength_8.35e-07_num_3: step 1 rejected with h = 7.9365e-05, doing over
wavelength_8.35e-07_num_2: [34mremaining : 0h 0min 0s (11% in total). [31mETA : 2021-01-28 16:21:35[0m (132 steps). z = 0.0022, h = 5.5668e-06
wavelength_8.35e-07_num_3: [34mremaining : 0h 0min 0s (11% in total). [31mETA : 2021-01-28 16:21:35[0m (132 steps). z = 0.0022, h = 5.5668e-06
wavelength_8.35e-07_num_2: [34mremaining : 0h 0min 4s (20% in total). [31mETA : 2021-01-28 16:21:40[0m (353 steps). z = 0.0041, h = 4.8586e-06
wavelength_8.35e-07_num_3: [34mremaining : 0h 0min 4s (20% in total). [31mETA : 2021-01-28 16:21:40[0m (353 steps). z = 0.0041, h = 4.8586e-06
wavelength_8.35e-07_num_2: [34mremaining : 0h 0min 28s (30% in total). [31mETA : 2021-01-28 16:22:15[0m (2638 steps). z = 0.0060, h = 9.7856e-07
wavelength_8.35e-07_num_3: [34mremaining : 0h 0min 28s (30% in total). [31mETA : 2021-01-28 16:22:15[0m (2638 steps). z = 0.0060, h = 9.7856e-07
wavelength_8.35e-07_num_2: [34mremaining : 0h 0min 23s (41% in total). [31mETA : 2021-01-28 16:22:13[0m (3444 steps). z = 0.0083, h = 1.7968e-06
wavelength_8.35e-07_num_3: [34mremaining : 0h 0min 23s (41% in total). [31mETA : 2021-01-28 16:22:14[0m (3444 steps). z = 0.0083, h = 1.7968e-06
wavelength_8.35e-07_num_2: [34mremaining : 0h 0min 16s (50% in total). [31mETA : 2021-01-28 16:22:08[0m (3706 steps). z = 0.0102, h = 2.8346e-06
wavelength_8.35e-07_num_3: [34mremaining : 0h 0min 16s (50% in total). [31mETA : 2021-01-28 16:22:09[0m (3706 steps). z = 0.0102, h = 2.8346e-06
wavelength_8.35e-07_num_2: [34mremaining : 0h 0min 12s (60% in total). [31mETA : 2021-01-28 16:22:05[0m (3915 steps). z = 0.0121, h = 8.8081e-06
wavelength_8.35e-07_num_3: [34mremaining : 0h 0min 12s (60% in total). [31mETA : 2021-01-28 16:22:05[0m (3915 steps). z = 0.0121, h = 8.8081e-06
wavelength_8.35e-07_num_2: [34mremaining : 0h 0min 8s (71% in total). [31mETA : 2021-01-28 16:22:01[0m (4135 steps). z = 0.0143, h = 5.7601e-06
wavelength_8.35e-07_num_3: [34mremaining : 0h 0min 8s (71% in total). [31mETA : 2021-01-28 16:22:02[0m (4135 steps). z = 0.0143, h = 5.7601e-06
wavelength_8.35e-07_num_2: [34mremaining : 0h 0min 5s (80% in total). [31mETA : 2021-01-28 16:21:59[0m (4307 steps). z = 0.0162, h = 6.6994e-06
wavelength_8.35e-07_num_3: [34mremaining : 0h 0min 5s (80% in total). [31mETA : 2021-01-28 16:22:00[0m (4307 steps). z = 0.0162, h = 6.6994e-06
wavelength_8.35e-07_num_2: [34mremaining : 0h 0min 2s (90% in total). [31mETA : 2021-01-28 16:21:58[0m (4466 steps). z = 0.0181, h = 5.4078e-06
wavelength_8.35e-07_num_3: [34mremaining : 0h 0min 2s (90% in total). [31mETA : 2021-01-28 16:21:58[0m (4466 steps). z = 0.0181, h = 5.4078e-06
wavelength_8.35e-07_num_2: [34mremaining : 0h 0min 0s (100% in total). [31mETA : 2021-01-28 16:21:56[0m (4634 steps). z = 0.0200, h = 7.4967e-06
wavelength_8.35e-07_num_2: propagation finished in 4634 steps (22.065082 seconds)
scgenerator.physics.simulate: launching simulation with [('wavelength', 8.3e-07), ('num', 0)], job : 88866c7daffdd00effffffff0100000001000000
wavelength_8.35e-07_num_3: [34mremaining : 0h 0min 0s (100% in total). [31mETA : 2021-01-28 16:21:57[0m (4634 steps). z = 0.0200, h = 7.4967e-06
wavelength_8.35e-07_num_3: propagation finished in 4634 steps (22.22073 seconds)
scgenerator.physics.simulate: launching simulation with [('wavelength', 8.3e-07), ('num', 1)], job : d251967856448cebffffffff0100000001000000
wavelength_8.3e-07_num_0: Storing 63 new spectra, first one at 0.00031746031746031746m
wavelength_8.3e-07_num_0: step 1 rejected with h = 1.5873e-04, doing over
wavelength_8.3e-07_num_0: step 1 rejected with h = 7.9365e-05, doing over
wavelength_8.3e-07_num_1: Storing 63 new spectra, first one at 0.00031746031746031746m
wavelength_8.3e-07_num_1: step 1 rejected with h = 1.5873e-04, doing over
wavelength_8.3e-07_num_1: step 1 rejected with h = 7.9365e-05, doing over
wavelength_8.3e-07_num_0: [34mremaining : 0h 0min 0s (11% in total). [31mETA : 2021-01-28 16:21:58[0m (132 steps). z = 0.0022, h = 5.5668e-06
wavelength_8.3e-07_num_1: [34mremaining : 0h 0min 0s (11% in total). [31mETA : 2021-01-28 16:21:59[0m (132 steps). z = 0.0022, h = 5.5668e-06
wavelength_8.3e-07_num_0: [34mremaining : 0h 0min 4s (20% in total). [31mETA : 2021-01-28 16:22:03[0m (353 steps). z = 0.0041, h = 4.8586e-06
wavelength_8.3e-07_num_1: [34mremaining : 0h 0min 4s (20% in total). [31mETA : 2021-01-28 16:22:04[0m (353 steps). z = 0.0041, h = 4.8586e-06
wavelength_8.3e-07_num_0: step 997 rejected with h = 2.7537e-06, doing over
wavelength_8.3e-07_num_1: step 997 rejected with h = 2.7537e-06, doing over
wavelength_8.3e-07_num_0: [34mremaining : 0h 0min 23s (30% in total). [31mETA : 2021-01-28 16:22:31[0m (2162 steps). z = 0.0060, h = 3.8127e-08
wavelength_8.3e-07_num_1: [34mremaining : 0h 0min 23s (30% in total). [31mETA : 2021-01-28 16:22:31[0m (2162 steps). z = 0.0060, h = 3.8127e-08
wavelength_8.3e-07_num_0: [34mremaining : 0h 0min 20s (41% in total). [31mETA : 2021-01-28 16:22:32[0m (2991 steps). z = 0.0083, h = 5.8562e-06
wavelength_8.3e-07_num_1: [34mremaining : 0h 0min 20s (41% in total). [31mETA : 2021-01-28 16:22:32[0m (2991 steps). z = 0.0083, h = 5.8562e-06
wavelength_8.3e-07_num_0: [34mremaining : 0h 0min 15s (50% in total). [31mETA : 2021-01-28 16:22:28[0m (3242 steps). z = 0.0102, h = 6.5756e-06
wavelength_8.3e-07_num_1: [34mremaining : 0h 0min 15s (50% in total). [31mETA : 2021-01-28 16:22:28[0m (3242 steps). z = 0.0102, h = 6.5756e-06
wavelength_8.3e-07_num_0: [34mremaining : 0h 0min 11s (60% in total). [31mETA : 2021-01-28 16:22:25[0m (3443 steps). z = 0.0121, h = 2.9227e-06
wavelength_8.3e-07_num_1: [34mremaining : 0h 0min 11s (60% in total). [31mETA : 2021-01-28 16:22:25[0m (3443 steps). z = 0.0121, h = 2.9227e-06
wavelength_8.3e-07_num_0: [34mremaining : 0h 0min 7s (71% in total). [31mETA : 2021-01-28 16:22:22[0m (3664 steps). z = 0.0143, h = 1.1425e-05
wavelength_8.3e-07_num_1: [34mremaining : 0h 0min 7s (71% in total). [31mETA : 2021-01-28 16:22:23[0m (3664 steps). z = 0.0143, h = 1.1425e-05
wavelength_8.3e-07_num_0: [34mremaining : 0h 0min 4s (80% in total). [31mETA : 2021-01-28 16:22:20[0m (3833 steps). z = 0.0162, h = 1.0515e-05
wavelength_8.3e-07_num_1: [34mremaining : 0h 0min 4s (80% in total). [31mETA : 2021-01-28 16:22:21[0m (3833 steps). z = 0.0162, h = 1.0515e-05
wavelength_8.3e-07_num_0: [34mremaining : 0h 0min 2s (90% in total). [31mETA : 2021-01-28 16:22:19[0m (4003 steps). z = 0.0181, h = 7.4644e-06
wavelength_8.3e-07_num_1: [34mremaining : 0h 0min 2s (90% in total). [31mETA : 2021-01-28 16:22:20[0m (4003 steps). z = 0.0181, h = 7.4644e-06
wavelength_8.3e-07_num_0: [34mremaining : 0h 0min 0s (100% in total). [31mETA : 2021-01-28 16:22:18[0m (4181 steps). z = 0.0200, h = 1.21e-05
wavelength_8.3e-07_num_0: propagation finished in 4181 steps (20.406912 seconds)
scgenerator.physics.simulate: launching simulation with [('wavelength', 8.3e-07), ('num', 2)], job : 3bf0c856ace5a4d8ffffffff0100000001000000
wavelength_8.3e-07_num_1: [34mremaining : 0h 0min 0s (100% in total). [31mETA : 2021-01-28 16:22:18[0m (4181 steps). z = 0.0200, h = 1.21e-05
wavelength_8.3e-07_num_1: propagation finished in 4181 steps (20.386092 seconds)
scgenerator.physics.simulate: launching simulation with [('wavelength', 8.3e-07), ('num', 3)], job : 72e11b46e93d91e4ffffffff0100000001000000
wavelength_8.3e-07_num_2: Storing 63 new spectra, first one at 0.00031746031746031746m
wavelength_8.3e-07_num_2: step 1 rejected with h = 1.5873e-04, doing over
wavelength_8.3e-07_num_2: step 1 rejected with h = 7.9365e-05, doing over
wavelength_8.3e-07_num_3: Storing 63 new spectra, first one at 0.00031746031746031746m
wavelength_8.3e-07_num_3: step 1 rejected with h = 1.5873e-04, doing over
wavelength_8.3e-07_num_3: step 1 rejected with h = 7.9365e-05, doing over
wavelength_8.3e-07_num_2: [34mremaining : 0h 0min 0s (11% in total). [31mETA : 2021-01-28 16:22:20[0m (132 steps). z = 0.0022, h = 5.5668e-06
wavelength_8.3e-07_num_3: [34mremaining : 0h 0min 0s (11% in total). [31mETA : 2021-01-28 16:22:20[0m (132 steps). z = 0.0022, h = 5.5668e-06
wavelength_8.3e-07_num_2: [34mremaining : 0h 0min 4s (20% in total). [31mETA : 2021-01-28 16:22:25[0m (353 steps). z = 0.0041, h = 4.8586e-06
wavelength_8.3e-07_num_3: [34mremaining : 0h 0min 4s (20% in total). [31mETA : 2021-01-28 16:22:25[0m (353 steps). z = 0.0041, h = 4.8586e-06
wavelength_8.3e-07_num_2: step 997 rejected with h = 2.7537e-06, doing over
wavelength_8.3e-07_num_3: step 997 rejected with h = 2.7537e-06, doing over
wavelength_8.3e-07_num_2: [34mremaining : 0h 0min 23s (30% in total). [31mETA : 2021-01-28 16:22:52[0m (2162 steps). z = 0.0060, h = 3.8127e-08
wavelength_8.3e-07_num_3: [34mremaining : 0h 0min 23s (30% in total). [31mETA : 2021-01-28 16:22:53[0m (2162 steps). z = 0.0060, h = 3.8127e-08
wavelength_8.3e-07_num_2: [34mremaining : 0h 0min 20s (41% in total). [31mETA : 2021-01-28 16:22:53[0m (2991 steps). z = 0.0083, h = 5.8562e-06
wavelength_8.3e-07_num_3: [34mremaining : 0h 0min 20s (41% in total). [31mETA : 2021-01-28 16:22:54[0m (2991 steps). z = 0.0083, h = 5.8562e-06
wavelength_8.3e-07_num_2: [34mremaining : 0h 0min 15s (50% in total). [31mETA : 2021-01-28 16:22:49[0m (3242 steps). z = 0.0102, h = 6.5756e-06
wavelength_8.3e-07_num_3: [34mremaining : 0h 0min 15s (50% in total). [31mETA : 2021-01-28 16:22:50[0m (3242 steps). z = 0.0102, h = 6.5756e-06
wavelength_8.3e-07_num_2: [34mremaining : 0h 0min 11s (60% in total). [31mETA : 2021-01-28 16:22:46[0m (3443 steps). z = 0.0121, h = 2.9227e-06
wavelength_8.3e-07_num_3: [34mremaining : 0h 0min 11s (60% in total). [31mETA : 2021-01-28 16:22:47[0m (3443 steps). z = 0.0121, h = 2.9227e-06
wavelength_8.3e-07_num_2: [34mremaining : 0h 0min 7s (71% in total). [31mETA : 2021-01-28 16:22:43[0m (3664 steps). z = 0.0143, h = 1.1425e-05
wavelength_8.3e-07_num_3: [34mremaining : 0h 0min 7s (71% in total). [31mETA : 2021-01-28 16:22:44[0m (3664 steps). z = 0.0143, h = 1.1425e-05
wavelength_8.3e-07_num_2: [34mremaining : 0h 0min 4s (80% in total). [31mETA : 2021-01-28 16:22:42[0m (3833 steps). z = 0.0162, h = 1.0515e-05
wavelength_8.3e-07_num_3: [34mremaining : 0h 0min 4s (80% in total). [31mETA : 2021-01-28 16:22:42[0m (3833 steps). z = 0.0162, h = 1.0515e-05
wavelength_8.3e-07_num_2: [34mremaining : 0h 0min 2s (90% in total). [31mETA : 2021-01-28 16:22:40[0m (4003 steps). z = 0.0181, h = 7.4644e-06
wavelength_8.3e-07_num_3: [34mremaining : 0h 0min 2s (90% in total). [31mETA : 2021-01-28 16:22:41[0m (4003 steps). z = 0.0181, h = 7.4644e-06
wavelength_8.3e-07_num_2: [34mremaining : 0h 0min 0s (100% in total). [31mETA : 2021-01-28 16:22:39[0m (4181 steps). z = 0.0200, h = 1.21e-05
wavelength_8.3e-07_num_2: propagation finished in 4181 steps (20.253876 seconds)
wavelength_8.3e-07_num_3: [34mremaining : 0h 0min 0s (100% in total). [31mETA : 2021-01-28 16:22:40[0m (4181 steps). z = 0.0200, h = 1.21e-05
wavelength_8.3e-07_num_3: propagation finished in 4181 steps (20.165082 seconds)
scgenerator.physics.simulate: Merging data...
scgenerator.physics.simulate: Finished simulations from config full anomalous !
scgenerator.physics.simulate: 1 node in the Ray cluster : ['Obento.fritz.box']
scgenerator.initialize: computed initial N = 8.66
scgenerator.physics.simulate: launching simulation with [('wavelength', 8.35e-07), ('num', 0)], job : df5a1a828c9685d3ffffffff0100000001000000
scgenerator.physics.simulate: launching simulation with [('wavelength', 8.35e-07), ('num', 1)], job : cb230a572350ff44ffffffff0100000001000000
wavelength_8.35e-07_num_0: Storing 63 new spectra, first one at 0.00031746031746031746m
wavelength_8.35e-07_num_0: step 1 rejected with h = 1.5873e-04, doing over
wavelength_8.35e-07_num_0: step 1 rejected with h = 7.9365e-05, doing over
wavelength_8.35e-07_num_1: Storing 63 new spectra, first one at 0.00031746031746031746m
wavelength_8.35e-07_num_1: step 1 rejected with h = 1.5873e-04, doing over
wavelength_8.35e-07_num_1: step 1 rejected with h = 7.9365e-05, doing over
scgenerator.physics.simulate: 1 node in the Ray cluster : ['Obento.fritz.box']
scgenerator.initialize: computed initial N = 8.66
scgenerator.physics.simulate: launching simulation with [('wavelength', 8.35e-07), ('num', 0)], job : df5a1a828c9685d3ffffffff0100000001000000
scgenerator.physics.simulate: launching simulation with [('wavelength', 8.35e-07), ('num', 1)], job : cb230a572350ff44ffffffff0100000001000000
wavelength_8.35e-07_num_0: Storing 63 new spectra, first one at 0.00031746031746031746m
wavelength_8.35e-07_num_0: step 1 rejected with h = 1.5873e-04, doing over
wavelength_8.35e-07_num_0: step 1 rejected with h = 7.9365e-05, doing over
wavelength_8.35e-07_num_0: [34mremaining : 0h 0min 0s (11% in total). [31mETA : 2021-01-28 16:45:21[0m (132 steps). z = 0.0022, h = 5.5668e-06
wavelength_8.35e-07_num_1: Storing 63 new spectra, first one at 0.00031746031746031746m
wavelength_8.35e-07_num_1: step 1 rejected with h = 1.5873e-04, doing over
wavelength_8.35e-07_num_1: step 1 rejected with h = 7.9365e-05, doing over
wavelength_8.35e-07_num_1: [34mremaining : 0h 0min 0s (11% in total). [31mETA : 2021-01-28 16:45:22[0m (132 steps). z = 0.0022, h = 5.5668e-06
wavelength_8.35e-07_num_0: [34mremaining : 0h 0min 4s (20% in total). [31mETA : 2021-01-28 16:45:26[0m (353 steps). z = 0.0041, h = 4.8586e-06
wavelength_8.35e-07_num_1: [34mremaining : 0h 0min 4s (20% in total). [31mETA : 2021-01-28 16:45:27[0m (353 steps). z = 0.0041, h = 4.8586e-06
wavelength_8.35e-07_num_0: [34mremaining : 0h 0min 28s (30% in total). [31mETA : 2021-01-28 16:46:00[0m (2638 steps). z = 0.0060, h = 9.7856e-07
wavelength_8.35e-07_num_1: [34mremaining : 0h 0min 28s (30% in total). [31mETA : 2021-01-28 16:46:01[0m (2638 steps). z = 0.0060, h = 9.7856e-07
wavelength_8.35e-07_num_0: [34mremaining : 0h 0min 21s (41% in total). [31mETA : 2021-01-28 16:45:57[0m (3444 steps). z = 0.0083, h = 1.7968e-06
wavelength_8.35e-07_num_1: [34mremaining : 0h 0min 21s (41% in total). [31mETA : 2021-01-28 16:45:58[0m (3444 steps). z = 0.0083, h = 1.7968e-06
wavelength_8.35e-07_num_0: [34mremaining : 0h 0min 16s (50% in total). [31mETA : 2021-01-28 16:45:53[0m (3706 steps). z = 0.0102, h = 2.8346e-06
wavelength_8.35e-07_num_1: [34mremaining : 0h 0min 16s (50% in total). [31mETA : 2021-01-28 16:45:53[0m (3706 steps). z = 0.0102, h = 2.8346e-06
wavelength_8.35e-07_num_0: [34mremaining : 0h 0min 11s (60% in total). [31mETA : 2021-01-28 16:45:49[0m (3915 steps). z = 0.0121, h = 8.8081e-06
wavelength_8.35e-07_num_1: [34mremaining : 0h 0min 11s (60% in total). [31mETA : 2021-01-28 16:45:50[0m (3915 steps). z = 0.0121, h = 8.8081e-06
wavelength_8.35e-07_num_0: [34mremaining : 0h 0min 7s (71% in total). [31mETA : 2021-01-28 16:45:46[0m (4135 steps). z = 0.0143, h = 5.7601e-06
wavelength_8.35e-07_num_1: [34mremaining : 0h 0min 7s (71% in total). [31mETA : 2021-01-28 16:45:47[0m (4135 steps). z = 0.0143, h = 5.7601e-06
wavelength_8.35e-07_num_0: [34mremaining : 0h 0min 4s (80% in total). [31mETA : 2021-01-28 16:45:44[0m (4307 steps). z = 0.0162, h = 6.6994e-06
wavelength_8.35e-07_num_1: [34mremaining : 0h 0min 4s (80% in total). [31mETA : 2021-01-28 16:45:45[0m (4307 steps). z = 0.0162, h = 6.6994e-06
wavelength_8.35e-07_num_0: [34mremaining : 0h 0min 2s (90% in total). [31mETA : 2021-01-28 16:45:43[0m (4466 steps). z = 0.0181, h = 5.4078e-06
wavelength_8.35e-07_num_1: [34mremaining : 0h 0min 2s (90% in total). [31mETA : 2021-01-28 16:45:44[0m (4466 steps). z = 0.0181, h = 5.4078e-06
wavelength_8.35e-07_num_0: [34mremaining : 0h 0min 0s (100% in total). [31mETA : 2021-01-28 16:45:42[0m (4634 steps). z = 0.0200, h = 7.4967e-06
wavelength_8.35e-07_num_0: propagation finished in 4634 steps (21.323236 seconds)
scgenerator.physics.simulate: [34mremaining : 0h 2min 41s (12% in total). [31mETA : 2021-01-28 16:48:23[0m
scgenerator.physics.simulate: launching simulation with [('wavelength', 8.35e-07), ('num', 2)], job : 7bbd90284b71e599ffffffff0100000001000000
wavelength_8.35e-07_num_1: [34mremaining : 0h 0min 0s (100% in total). [31mETA : 2021-01-28 16:45:42[0m (4634 steps). z = 0.0200, h = 7.4967e-06
wavelength_8.35e-07_num_1: propagation finished in 4634 steps (21.296093 seconds)
scgenerator.physics.simulate: [34mremaining : 0h 1min 9s (25% in total). [31mETA : 2021-01-28 16:46:51[0m
scgenerator.physics.simulate: launching simulation with [('wavelength', 8.35e-07), ('num', 3)], job : bd37d2621480fc7dffffffff0100000001000000
scgenerator.initialize: computed initial N = 8.66
wavelength_8.35e-07_num_2: Storing 63 new spectra, first one at 0.00031746031746031746m
wavelength_8.35e-07_num_2: step 1 rejected with h = 1.5873e-04, doing over
wavelength_8.35e-07_num_2: step 1 rejected with h = 7.9365e-05, doing over
wavelength_8.35e-07_num_3: Storing 63 new spectra, first one at 0.00031746031746031746m
wavelength_8.35e-07_num_3: step 1 rejected with h = 1.5873e-04, doing over
wavelength_8.35e-07_num_3: step 1 rejected with h = 7.9365e-05, doing over
wavelength_8.35e-07_num_2: [34mremaining : 0h 0min 0s (11% in total). [31mETA : 2021-01-28 16:45:43[0m (132 steps). z = 0.0022, h = 5.5668e-06
wavelength_8.35e-07_num_3: [34mremaining : 0h 0min 0s (11% in total). [31mETA : 2021-01-28 16:45:44[0m (132 steps). z = 0.0022, h = 5.5668e-06
wavelength_8.35e-07_num_2: [34mremaining : 0h 0min 4s (20% in total). [31mETA : 2021-01-28 16:45:48[0m (353 steps). z = 0.0041, h = 4.8586e-06
wavelength_8.35e-07_num_3: [34mremaining : 0h 0min 4s (20% in total). [31mETA : 2021-01-28 16:45:49[0m (353 steps). z = 0.0041, h = 4.8586e-06
wavelength_8.35e-07_num_2: [34mremaining : 0h 0min 28s (30% in total). [31mETA : 2021-01-28 16:46:23[0m (2638 steps). z = 0.0060, h = 9.7856e-07
wavelength_8.35e-07_num_3: [34mremaining : 0h 0min 28s (30% in total). [31mETA : 2021-01-28 16:46:24[0m (2638 steps). z = 0.0060, h = 9.7856e-07
wavelength_8.35e-07_num_2: [34mremaining : 0h 0min 23s (41% in total). [31mETA : 2021-01-28 16:46:22[0m (3444 steps). z = 0.0083, h = 1.7968e-06
wavelength_8.35e-07_num_3: [34mremaining : 0h 0min 23s (41% in total). [31mETA : 2021-01-28 16:46:23[0m (3444 steps). z = 0.0083, h = 1.7968e-06
wavelength_8.35e-07_num_2: [34mremaining : 0h 0min 16s (50% in total). [31mETA : 2021-01-28 16:46:17[0m (3706 steps). z = 0.0102, h = 2.8346e-06
wavelength_8.35e-07_num_3: [34mremaining : 0h 0min 16s (50% in total). [31mETA : 2021-01-28 16:46:17[0m (3706 steps). z = 0.0102, h = 2.8346e-06
wavelength_8.35e-07_num_2: [34mremaining : 0h 0min 12s (60% in total). [31mETA : 2021-01-28 16:46:13[0m (3915 steps). z = 0.0121, h = 8.8081e-06
wavelength_8.35e-07_num_3: [34mremaining : 0h 0min 12s (60% in total). [31mETA : 2021-01-28 16:46:14[0m (3915 steps). z = 0.0121, h = 8.8081e-06
wavelength_8.35e-07_num_2: [34mremaining : 0h 0min 8s (71% in total). [31mETA : 2021-01-28 16:46:10[0m (4135 steps). z = 0.0143, h = 5.7601e-06
wavelength_8.35e-07_num_3: [34mremaining : 0h 0min 8s (71% in total). [31mETA : 2021-01-28 16:46:11[0m (4135 steps). z = 0.0143, h = 5.7601e-06
wavelength_8.35e-07_num_2: [34mremaining : 0h 0min 5s (80% in total). [31mETA : 2021-01-28 16:46:08[0m (4307 steps). z = 0.0162, h = 6.6994e-06
wavelength_8.35e-07_num_3: [34mremaining : 0h 0min 5s (80% in total). [31mETA : 2021-01-28 16:46:08[0m (4307 steps). z = 0.0162, h = 6.6994e-06
wavelength_8.35e-07_num_2: [34mremaining : 0h 0min 2s (90% in total). [31mETA : 2021-01-28 16:46:06[0m (4466 steps). z = 0.0181, h = 5.4078e-06
wavelength_8.35e-07_num_3: [34mremaining : 0h 0min 2s (90% in total). [31mETA : 2021-01-28 16:46:07[0m (4466 steps). z = 0.0181, h = 5.4078e-06
wavelength_8.35e-07_num_2: [34mremaining : 0h 0min 0s (100% in total). [31mETA : 2021-01-28 16:46:05[0m (4634 steps). z = 0.0200, h = 7.4967e-06
wavelength_8.35e-07_num_2: propagation finished in 4634 steps (22.109413 seconds)
scgenerator.physics.simulate: [34mremaining : 0h 1min 17s (37% in total). [31mETA : 2021-01-28 16:47:21[0m
scgenerator.physics.simulate: launching simulation with [('wavelength', 8.3e-07), ('num', 0)], job : 88866c7daffdd00effffffff0100000001000000
wavelength_8.35e-07_num_3: [34mremaining : 0h 0min 0s (100% in total). [31mETA : 2021-01-28 16:46:05[0m (4634 steps). z = 0.0200, h = 7.4967e-06
wavelength_8.35e-07_num_3: propagation finished in 4634 steps (22.079782 seconds)
scgenerator.physics.simulate: [34mremaining : 0h 0min 47s (50% in total). [31mETA : 2021-01-28 16:46:52[0m
scgenerator.physics.simulate: launching simulation with [('wavelength', 8.3e-07), ('num', 1)], job : d251967856448cebffffffff0100000001000000
wavelength_8.3e-07_num_0: Storing 63 new spectra, first one at 0.00031746031746031746m
wavelength_8.3e-07_num_0: step 1 rejected with h = 1.5873e-04, doing over
wavelength_8.3e-07_num_0: step 1 rejected with h = 7.9365e-05, doing over
wavelength_8.3e-07_num_1: Storing 63 new spectra, first one at 0.00031746031746031746m
wavelength_8.3e-07_num_1: step 1 rejected with h = 1.5873e-04, doing over
wavelength_8.3e-07_num_1: step 1 rejected with h = 7.9365e-05, doing over
wavelength_8.3e-07_num_0: [34mremaining : 0h 0min 0s (11% in total). [31mETA : 2021-01-28 16:46:06[0m (132 steps). z = 0.0022, h = 5.5668e-06
wavelength_8.3e-07_num_1: [34mremaining : 0h 0min 0s (11% in total). [31mETA : 2021-01-28 16:46:07[0m (132 steps). z = 0.0022, h = 5.5668e-06
wavelength_8.3e-07_num_0: [34mremaining : 0h 0min 4s (20% in total). [31mETA : 2021-01-28 16:46:11[0m (353 steps). z = 0.0041, h = 4.8586e-06
wavelength_8.3e-07_num_1: [34mremaining : 0h 0min 4s (20% in total). [31mETA : 2021-01-28 16:46:12[0m (353 steps). z = 0.0041, h = 4.8586e-06
wavelength_8.3e-07_num_0: step 997 rejected with h = 2.7537e-06, doing over
wavelength_8.3e-07_num_1: step 997 rejected with h = 2.7537e-06, doing over
wavelength_8.3e-07_num_0: [34mremaining : 0h 0min 21s (30% in total). [31mETA : 2021-01-28 16:46:36[0m (2162 steps). z = 0.0060, h = 3.8127e-08
wavelength_8.3e-07_num_1: [34mremaining : 0h 0min 21s (30% in total). [31mETA : 2021-01-28 16:46:37[0m (2162 steps). z = 0.0060, h = 3.8127e-08
wavelength_8.3e-07_num_0: [34mremaining : 0h 0min 19s (41% in total). [31mETA : 2021-01-28 16:46:38[0m (2991 steps). z = 0.0083, h = 5.8562e-06
wavelength_8.3e-07_num_1: [34mremaining : 0h 0min 19s (41% in total). [31mETA : 2021-01-28 16:46:38[0m (2991 steps). z = 0.0083, h = 5.8562e-06
wavelength_8.3e-07_num_0: [34mremaining : 0h 0min 14s (50% in total). [31mETA : 2021-01-28 16:46:34[0m (3242 steps). z = 0.0102, h = 6.5756e-06
wavelength_8.3e-07_num_1: [34mremaining : 0h 0min 14s (50% in total). [31mETA : 2021-01-28 16:46:35[0m (3242 steps). z = 0.0102, h = 6.5756e-06
wavelength_8.3e-07_num_0: [34mremaining : 0h 0min 10s (60% in total). [31mETA : 2021-01-28 16:46:31[0m (3443 steps). z = 0.0121, h = 2.9227e-06
wavelength_8.3e-07_num_1: [34mremaining : 0h 0min 10s (60% in total). [31mETA : 2021-01-28 16:46:32[0m (3443 steps). z = 0.0121, h = 2.9227e-06
wavelength_8.3e-07_num_0: [34mremaining : 0h 0min 6s (71% in total). [31mETA : 2021-01-28 16:46:29[0m (3664 steps). z = 0.0143, h = 1.1425e-05
wavelength_8.3e-07_num_1: [34mremaining : 0h 0min 6s (71% in total). [31mETA : 2021-01-28 16:46:29[0m (3664 steps). z = 0.0143, h = 1.1425e-05
wavelength_8.3e-07_num_0: [34mremaining : 0h 0min 4s (80% in total). [31mETA : 2021-01-28 16:46:27[0m (3833 steps). z = 0.0162, h = 1.0515e-05
wavelength_8.3e-07_num_1: [34mremaining : 0h 0min 4s (80% in total). [31mETA : 2021-01-28 16:46:28[0m (3833 steps). z = 0.0162, h = 1.0515e-05
wavelength_8.3e-07_num_0: [34mremaining : 0h 0min 2s (90% in total). [31mETA : 2021-01-28 16:46:26[0m (4003 steps). z = 0.0181, h = 7.4644e-06
wavelength_8.3e-07_num_1: [34mremaining : 0h 0min 2s (90% in total). [31mETA : 2021-01-28 16:46:26[0m (4003 steps). z = 0.0181, h = 7.4644e-06
wavelength_8.3e-07_num_0: [34mremaining : 0h 0min 0s (100% in total). [31mETA : 2021-01-28 16:46:25[0m (4181 steps). z = 0.0200, h = 1.21e-05
wavelength_8.3e-07_num_0: propagation finished in 4181 steps (19.058624 seconds)
scgenerator.physics.simulate: [34mremaining : 0h 0min 40s (62% in total). [31mETA : 2021-01-28 16:47:04[0m
scgenerator.physics.simulate: launching simulation with [('wavelength', 8.3e-07), ('num', 2)], job : 3bf0c856ace5a4d8ffffffff0100000001000000
wavelength_8.3e-07_num_1: [34mremaining : 0h 0min 0s (100% in total). [31mETA : 2021-01-28 16:46:25[0m (4181 steps). z = 0.0200, h = 1.21e-05
wavelength_8.3e-07_num_1: propagation finished in 4181 steps (19.191059 seconds)
scgenerator.physics.simulate: [34mremaining : 0h 0min 22s (75% in total). [31mETA : 2021-01-28 16:46:48[0m
scgenerator.physics.simulate: launching simulation with [('wavelength', 8.3e-07), ('num', 3)], job : 72e11b46e93d91e4ffffffff0100000001000000
wavelength_8.3e-07_num_2: Storing 63 new spectra, first one at 0.00031746031746031746m
wavelength_8.3e-07_num_2: step 1 rejected with h = 1.5873e-04, doing over
wavelength_8.3e-07_num_2: step 1 rejected with h = 7.9365e-05, doing over
wavelength_8.3e-07_num_3: Storing 63 new spectra, first one at 0.00031746031746031746m
wavelength_8.3e-07_num_3: step 1 rejected with h = 1.5873e-04, doing over
wavelength_8.3e-07_num_3: step 1 rejected with h = 7.9365e-05, doing over
wavelength_8.3e-07_num_2: [34mremaining : 0h 0min 0s (11% in total). [31mETA : 2021-01-28 16:46:27[0m (132 steps). z = 0.0022, h = 5.5668e-06
wavelength_8.3e-07_num_3: [34mremaining : 0h 0min 0s (11% in total). [31mETA : 2021-01-28 16:46:27[0m (132 steps). z = 0.0022, h = 5.5668e-06
wavelength_8.3e-07_num_2: [34mremaining : 0h 0min 4s (20% in total). [31mETA : 2021-01-28 16:46:32[0m (353 steps). z = 0.0041, h = 4.8586e-06
wavelength_8.3e-07_num_3: [34mremaining : 0h 0min 8s (20% in total). [31mETA : 2021-01-28 16:46:36[0m (353 steps). z = 0.0041, h = 4.8586e-06
wavelength_8.3e-07_num_2: step 997 rejected with h = 2.7537e-06, doing over
wavelength_8.3e-07_num_3: step 997 rejected with h = 2.7537e-06, doing over
wavelength_8.3e-07_num_2: [34mremaining : 0h 0min 25s (30% in total). [31mETA : 2021-01-28 16:47:02[0m (2162 steps). z = 0.0060, h = 3.8127e-08
wavelength_8.3e-07_num_3: [34mremaining : 0h 0min 25s (30% in total). [31mETA : 2021-01-28 16:47:03[0m (2162 steps). z = 0.0060, h = 3.8127e-08
wavelength_8.3e-07_num_2: [34mremaining : 0h 0min 21s (41% in total). [31mETA : 2021-01-28 16:47:02[0m (2991 steps). z = 0.0083, h = 5.8562e-06
wavelength_8.3e-07_num_3: [34mremaining : 0h 0min 20s (41% in total). [31mETA : 2021-01-28 16:47:01[0m (2991 steps). z = 0.0083, h = 5.8562e-06
wavelength_8.3e-07_num_2: [34mremaining : 0h 0min 16s (50% in total). [31mETA : 2021-01-28 16:46:58[0m (3242 steps). z = 0.0102, h = 6.5756e-06
wavelength_8.3e-07_num_3: [34mremaining : 0h 0min 16s (50% in total). [31mETA : 2021-01-28 16:46:58[0m (3242 steps). z = 0.0102, h = 6.5756e-06
wavelength_8.3e-07_num_2: [34mremaining : 0h 0min 11s (60% in total). [31mETA : 2021-01-28 16:46:54[0m (3443 steps). z = 0.0121, h = 2.9227e-06
wavelength_8.3e-07_num_3: [34mremaining : 0h 0min 11s (60% in total). [31mETA : 2021-01-28 16:46:55[0m (3443 steps). z = 0.0121, h = 2.9227e-06
wavelength_8.3e-07_num_2: [34mremaining : 0h 0min 7s (71% in total). [31mETA : 2021-01-28 16:46:51[0m (3664 steps). z = 0.0143, h = 1.1425e-05
wavelength_8.3e-07_num_3: [34mremaining : 0h 0min 7s (71% in total). [31mETA : 2021-01-28 16:46:52[0m (3664 steps). z = 0.0143, h = 1.1425e-05
wavelength_8.3e-07_num_2: [34mremaining : 0h 0min 4s (80% in total). [31mETA : 2021-01-28 16:46:49[0m (3833 steps). z = 0.0162, h = 1.0515e-05
wavelength_8.3e-07_num_3: [34mremaining : 0h 0min 4s (80% in total). [31mETA : 2021-01-28 16:46:50[0m (3833 steps). z = 0.0162, h = 1.0515e-05
wavelength_8.3e-07_num_2: [34mremaining : 0h 0min 2s (90% in total). [31mETA : 2021-01-28 16:46:48[0m (4003 steps). z = 0.0181, h = 7.4644e-06
wavelength_8.3e-07_num_3: [34mremaining : 0h 0min 2s (90% in total). [31mETA : 2021-01-28 16:46:48[0m (4003 steps). z = 0.0181, h = 7.4644e-06
wavelength_8.3e-07_num_2: [34mremaining : 0h 0min 0s (100% in total). [31mETA : 2021-01-28 16:46:47[0m (4181 steps). z = 0.0200, h = 1.21e-05
wavelength_8.3e-07_num_2: propagation finished in 4181 steps (20.62597 seconds)
scgenerator.physics.simulate: [34mremaining : 0h 0min 13s (87% in total). [31mETA : 2021-01-28 16:46:59[0m
wavelength_8.3e-07_num_3: [34mremaining : 0h 0min 0s (100% in total). [31mETA : 2021-01-28 16:46:47[0m (4181 steps). z = 0.0200, h = 1.21e-05
wavelength_8.3e-07_num_3: propagation finished in 4181 steps (20.517408 seconds)
scgenerator.physics.simulate: [34mremaining : 0h 0min 0s (100% in total). [31mETA : 2021-01-28 16:46:47[0m
scgenerator.physics.simulate: Merging data...
scgenerator.physics.simulate: Finished simulations from config full anomalous !
scgenerator.initialize: using computed ɣ = 2.00e-02 W/m^2
scgenerator.initialize: computed initial N = 17.4
scgenerator.initialize: intensity noise of 0.0005
scgenerator.initialize: computed initial N = 8.66
scgenerator.initialize: computed initial N = 8.66
scgenerator.physics.simulate: launching simulation with [('wavelength', 8.35e-07), ('num', 0)]
wavelength_8.35e-07_num_0: Storing 63 new spectra, first one at 0.00031746031746031746m
wavelength_8.35e-07_num_0: step 1 rejected with h = 1.5873e-04, doing over
wavelength_8.35e-07_num_0: step 1 rejected with h = 7.9365e-05, doing over
wavelength_8.35e-07_num_0: [34mremaining : 0h 0min 0s (11% in total). [31mETA : 2021-01-28 19:54:08[0m (132 steps). z = 0.0022, h = 5.5668e-06
wavelength_8.35e-07_num_0: [34mremaining : 0h 0min 4s (20% in total). [31mETA : 2021-01-28 19:54:13[0m (353 steps). z = 0.0041, h = 4.8586e-06
wavelength_8.35e-07_num_0: [34mremaining : 0h 0min 23s (30% in total). [31mETA : 2021-01-28 19:54:41[0m (2638 steps). z = 0.0060, h = 9.7856e-07
wavelength_8.35e-07_num_0: [34mremaining : 0h 0min 19s (41% in total). [31mETA : 2021-01-28 19:54:39[0m (3444 steps). z = 0.0083, h = 1.7968e-06
wavelength_8.35e-07_num_0: [34mremaining : 0h 0min 14s (50% in total). [31mETA : 2021-01-28 19:54:36[0m (3706 steps). z = 0.0102, h = 2.8346e-06
wavelength_8.35e-07_num_0: [34mremaining : 0h 0min 10s (60% in total). [31mETA : 2021-01-28 19:54:33[0m (3915 steps). z = 0.0121, h = 8.8081e-06
wavelength_8.35e-07_num_0: [34mremaining : 0h 0min 6s (71% in total). [31mETA : 2021-01-28 19:54:30[0m (4135 steps). z = 0.0143, h = 5.7601e-06
wavelength_8.35e-07_num_0: [34mremaining : 0h 0min 4s (80% in total). [31mETA : 2021-01-28 19:54:28[0m (4307 steps). z = 0.0162, h = 6.6994e-06
wavelength_8.35e-07_num_0: [34mremaining : 0h 0min 2s (90% in total). [31mETA : 2021-01-28 19:54:27[0m (4466 steps). z = 0.0181, h = 5.4078e-06
wavelength_8.35e-07_num_0: [34mremaining : 0h 0min 0s (100% in total). [31mETA : 2021-01-28 19:54:26[0m (4634 steps). z = 0.0200, h = 7.4967e-06
wavelength_8.35e-07_num_0: propagation finished in 4634 steps (18.270374 seconds)
scgenerator.physics.simulate: [34mremaining : 0h 2min 6s (12% in total). [31mETA : 2021-01-28 19:56:32[0m
scgenerator.physics.simulate: launching simulation with [('wavelength', 8.35e-07), ('num', 1)]
scgenerator.initialize: computed initial N = 8.66
scgenerator.physics.simulate: launching simulation with [('wavelength', 8.35e-07), ('num', 0)]
wavelength_8.35e-07_num_0: Storing 63 new spectra, first one at 0.00031746031746031746m
wavelength_8.35e-07_num_0: step 1 rejected with h = 1.5873e-04, doing over
wavelength_8.35e-07_num_0: step 1 rejected with h = 7.9365e-05, doing over
wavelength_8.35e-07_num_0: [34mremaining : 0h 0min 0s (11% in total). [31mETA : 2021-01-28 19:56:42[0m (132 steps). z = 0.0022, h = 5.5668e-06
wavelength_8.35e-07_num_0: [34mremaining : 0h 0min 4s (20% in total). [31mETA : 2021-01-28 19:56:47[0m (353 steps). z = 0.0041, h = 4.8586e-06
wavelength_8.35e-07_num_0: [34mremaining : 0h 0min 23s (30% in total). [31mETA : 2021-01-28 19:57:15[0m (2638 steps). z = 0.0060, h = 9.7856e-07
wavelength_8.35e-07_num_0: [34mremaining : 0h 0min 19s (41% in total). [31mETA : 2021-01-28 19:57:14[0m (3444 steps). z = 0.0083, h = 1.7968e-06
wavelength_8.35e-07_num_0: [34mremaining : 0h 0min 14s (50% in total). [31mETA : 2021-01-28 19:57:10[0m (3706 steps). z = 0.0102, h = 2.8346e-06
wavelength_8.35e-07_num_0: [34mremaining : 0h 0min 10s (60% in total). [31mETA : 2021-01-28 19:57:07[0m (3915 steps). z = 0.0121, h = 8.8081e-06
wavelength_8.35e-07_num_0: [34mremaining : 0h 0min 6s (71% in total). [31mETA : 2021-01-28 19:57:04[0m (4135 steps). z = 0.0143, h = 5.7601e-06
wavelength_8.35e-07_num_0: [34mremaining : 0h 0min 4s (80% in total). [31mETA : 2021-01-28 19:57:03[0m (4307 steps). z = 0.0162, h = 6.6994e-06
wavelength_8.35e-07_num_0: [34mremaining : 0h 0min 2s (90% in total). [31mETA : 2021-01-28 19:57:01[0m (4466 steps). z = 0.0181, h = 5.4078e-06
wavelength_8.35e-07_num_0: [34mremaining : 0h 0min 0s (100% in total). [31mETA : 2021-01-28 19:57:00[0m (4634 steps). z = 0.0200, h = 7.4967e-06
wavelength_8.35e-07_num_0: propagation finished in 4634 steps (18.345039 seconds)
scgenerator.physics.simulate: [34mremaining : 0h 2min 6s (12% in total). [31mETA : 2021-01-28 19:59:06[0m
scgenerator.physics.simulate: launching simulation with [('wavelength', 8.35e-07), ('num', 1)]
scgenerator.initialize: computed initial N = 8.66
scgenerator.physics.simulate: launching simulation with [('wavelength', 8.35e-07), ('num', 0)]
wavelength_8.35e-07_num_0: Storing 63 new spectra, first one at 0.00031746031746031746m
wavelength_8.35e-07_num_0: step 1 rejected with h = 1.5873e-04, doing over
wavelength_8.35e-07_num_0: step 1 rejected with h = 7.9365e-05, doing over
wavelength_8.35e-07_num_0: [34mremaining : 0h 0min 0s (11% in total). [31mETA : 2021-01-28 19:59:41[0m (132 steps). z = 0.0022, h = 5.5668e-06
wavelength_8.35e-07_num_0: [34mremaining : 0h 0min 4s (20% in total). [31mETA : 2021-01-28 19:59:46[0m (353 steps). z = 0.0041, h = 4.8586e-06
wavelength_8.35e-07_num_0: [34mremaining : 0h 0min 23s (30% in total). [31mETA : 2021-01-28 20:00:15[0m (2638 steps). z = 0.0060, h = 9.7856e-07
wavelength_8.35e-07_num_0: [34mremaining : 0h 0min 20s (41% in total). [31mETA : 2021-01-28 20:00:15[0m (3444 steps). z = 0.0083, h = 1.7968e-06
wavelength_8.35e-07_num_0: [34mremaining : 0h 0min 15s (50% in total). [31mETA : 2021-01-28 20:00:10[0m (3706 steps). z = 0.0102, h = 2.8346e-06
wavelength_8.35e-07_num_0: [34mremaining : 0h 0min 10s (60% in total). [31mETA : 2021-01-28 20:00:07[0m (3915 steps). z = 0.0121, h = 8.8081e-06
wavelength_8.35e-07_num_0: [34mremaining : 0h 0min 6s (71% in total). [31mETA : 2021-01-28 20:00:04[0m (4135 steps). z = 0.0143, h = 5.7601e-06
wavelength_8.35e-07_num_0: [34mremaining : 0h 0min 4s (80% in total). [31mETA : 2021-01-28 20:00:02[0m (4307 steps). z = 0.0162, h = 6.6994e-06
wavelength_8.35e-07_num_0: [34mremaining : 0h 0min 2s (90% in total). [31mETA : 2021-01-28 20:00:01[0m (4466 steps). z = 0.0181, h = 5.4078e-06
wavelength_8.35e-07_num_0: [34mremaining : 0h 0min 0s (100% in total). [31mETA : 2021-01-28 20:00:00[0m (4634 steps). z = 0.0200, h = 7.4967e-06
wavelength_8.35e-07_num_0: propagation finished in 4634 steps (18.838541 seconds)
scgenerator.physics.simulate: [34mremaining : 0h 2min 6s (12% in total). [31mETA : 2021-01-28 20:02:06[0m
scgenerator.physics.simulate: launching simulation with [('wavelength', 8.35e-07), ('num', 1)]
scgenerator.initialize: computed initial N = 8.66
scgenerator.physics.simulate: launching simulation with [('wavelength', 8.35e-07), ('num', 0)]
wavelength_8.35e-07_num_0: Storing 63 new spectra, first one at 0.00031746031746031746m
wavelength_8.35e-07_num_0: step 1 rejected with h = 1.5873e-04, doing over
wavelength_8.35e-07_num_0: step 1 rejected with h = 7.9365e-05, doing over
wavelength_8.35e-07_num_0: [34mremaining : 0h 0min 0s (11% in total). [31mETA : 2021-01-28 20:01:06[0m (132 steps). z = 0.0022, h = 5.5668e-06
wavelength_8.35e-07_num_0: [34mremaining : 0h 0min 4s (20% in total). [31mETA : 2021-01-28 20:01:11[0m (353 steps). z = 0.0041, h = 4.8586e-06
wavelength_8.35e-07_num_0: [34mremaining : 0h 0min 23s (30% in total). [31mETA : 2021-01-28 20:01:40[0m (2638 steps). z = 0.0060, h = 9.7856e-07
wavelength_8.35e-07_num_0: [34mremaining : 0h 0min 20s (41% in total). [31mETA : 2021-01-28 20:01:40[0m (3444 steps). z = 0.0083, h = 1.7968e-06
wavelength_8.35e-07_num_0: [34mremaining : 0h 0min 15s (50% in total). [31mETA : 2021-01-28 20:01:36[0m (3706 steps). z = 0.0102, h = 2.8346e-06
wavelength_8.35e-07_num_0: [34mremaining : 0h 0min 11s (60% in total). [31mETA : 2021-01-28 20:01:33[0m (3915 steps). z = 0.0121, h = 8.8081e-06
wavelength_8.35e-07_num_0: [34mremaining : 0h 0min 7s (71% in total). [31mETA : 2021-01-28 20:01:30[0m (4135 steps). z = 0.0143, h = 5.7601e-06
wavelength_8.35e-07_num_0: [34mremaining : 0h 0min 4s (80% in total). [31mETA : 2021-01-28 20:01:28[0m (4307 steps). z = 0.0162, h = 6.6994e-06
wavelength_8.35e-07_num_0: [34mremaining : 0h 0min 2s (90% in total). [31mETA : 2021-01-28 20:01:26[0m (4466 steps). z = 0.0181, h = 5.4078e-06
wavelength_8.35e-07_num_0: [34mremaining : 0h 0min 0s (100% in total). [31mETA : 2021-01-28 20:01:25[0m (4634 steps). z = 0.0200, h = 7.4967e-06
wavelength_8.35e-07_num_0: propagation finished in 4634 steps (19.588611 seconds)
scgenerator.physics.simulate: [34mremaining : 0h 2min 13s (12% in total). [31mETA : 2021-01-28 20:03:38[0m
scgenerator.physics.simulate: launching simulation with [('wavelength', 8.35e-07), ('num', 1)]
wavelength_8.35e-07_num_1: Storing 63 new spectra, first one at 0.00031746031746031746m
wavelength_8.35e-07_num_1: step 1 rejected with h = 1.5873e-04, doing over
wavelength_8.35e-07_num_1: step 1 rejected with h = 7.9365e-05, doing over
wavelength_8.35e-07_num_1: [34mremaining : 0h 0min 0s (11% in total). [31mETA : 2021-01-28 20:01:26[0m (132 steps). z = 0.0022, h = 5.5668e-06
wavelength_8.35e-07_num_1: [34mremaining : 0h 0min 4s (20% in total). [31mETA : 2021-01-28 20:01:31[0m (353 steps). z = 0.0041, h = 4.8586e-06
wavelength_8.35e-07_num_1: [34mremaining : 0h 0min 28s (30% in total). [31mETA : 2021-01-28 20:02:06[0m (2638 steps). z = 0.0060, h = 9.7856e-07
wavelength_8.35e-07_num_1: [34mremaining : 0h 0min 21s (41% in total). [31mETA : 2021-01-28 20:02:03[0m (3444 steps). z = 0.0083, h = 1.7968e-06
wavelength_8.35e-07_num_1: [34mremaining : 0h 0min 16s (50% in total). [31mETA : 2021-01-28 20:01:59[0m (3706 steps). z = 0.0102, h = 2.8346e-06
wavelength_8.35e-07_num_1: [34mremaining : 0h 0min 11s (60% in total). [31mETA : 2021-01-28 20:01:55[0m (3915 steps). z = 0.0121, h = 8.8081e-06
wavelength_8.35e-07_num_1: [34mremaining : 0h 0min 7s (71% in total). [31mETA : 2021-01-28 20:01:51[0m (4135 steps). z = 0.0143, h = 5.7601e-06
wavelength_8.35e-07_num_1: [34mremaining : 0h 0min 4s (80% in total). [31mETA : 2021-01-28 20:01:49[0m (4307 steps). z = 0.0162, h = 6.6994e-06
wavelength_8.35e-07_num_1: [34mremaining : 0h 0min 2s (90% in total). [31mETA : 2021-01-28 20:01:48[0m (4466 steps). z = 0.0181, h = 5.4078e-06
wavelength_8.35e-07_num_1: [34mremaining : 0h 0min 0s (100% in total). [31mETA : 2021-01-28 20:01:46[0m (4634 steps). z = 0.0200, h = 7.4967e-06
wavelength_8.35e-07_num_1: propagation finished in 4634 steps (20.783914 seconds)
scgenerator.physics.simulate: [34mremaining : 0h 2min 0s (25% in total). [31mETA : 2021-01-28 20:03:46[0m
scgenerator.physics.simulate: launching simulation with [('wavelength', 8.35e-07), ('num', 2)]
wavelength_8.35e-07_num_2: Storing 63 new spectra, first one at 0.00031746031746031746m
wavelength_8.35e-07_num_2: step 1 rejected with h = 1.5873e-04, doing over
wavelength_8.35e-07_num_2: step 1 rejected with h = 7.9365e-05, doing over
scgenerator.initialize: computed initial N = 8.66
scgenerator.physics.simulate: launching simulation with [('wavelength', 8.35e-07), ('num', 0)]
wavelength_8.35e-07_num_0: Storing 63 new spectra, first one at 0.00031746031746031746m
wavelength_8.35e-07_num_0: step 1 rejected with h = 1.5873e-04, doing over
wavelength_8.35e-07_num_0: step 1 rejected with h = 7.9365e-05, doing over
wavelength_8.35e-07_num_0: [34mremaining : 0h 0min 0s (11% in total). [31mETA : 2021-01-28 20:03:06[0m (132 steps). z = 0.0022, h = 5.5668e-06
wavelength_8.35e-07_num_0: [34mremaining : 0h 0min 4s (20% in total). [31mETA : 2021-01-28 20:03:11[0m (353 steps). z = 0.0041, h = 4.8586e-06
scgenerator.physics.simulate: 1 node in the Ray cluster : ['Obento.fritz.box']
scgenerator.initialize: computed initial N = 8.66
scgenerator.physics.simulate: launching simulation with [('wavelength', 8.35e-07), ('num', 0)], job : df5a1a828c9685d3ffffffff0100000001000000
scgenerator.physics.simulate: launching simulation with [('wavelength', 8.35e-07), ('num', 1)], job : cb230a572350ff44ffffffff0100000001000000
scgenerator.physics.simulate: launching simulation with [('wavelength', 8.35e-07), ('num', 2)], job : 7bbd90284b71e599ffffffff0100000001000000
wavelength_8.35e-07_num_0: Storing 63 new spectra, first one at 0.00031746031746031746m
wavelength_8.35e-07_num_0: step 1 rejected with h = 1.5873e-04, doing over
wavelength_8.35e-07_num_0: step 1 rejected with h = 7.9365e-05, doing over
wavelength_8.35e-07_num_1: Storing 63 new spectra, first one at 0.00031746031746031746m
wavelength_8.35e-07_num_1: step 1 rejected with h = 1.5873e-04, doing over
wavelength_8.35e-07_num_2: Storing 63 new spectra, first one at 0.00031746031746031746m
wavelength_8.35e-07_num_1: step 1 rejected with h = 7.9365e-05, doing over
wavelength_8.35e-07_num_2: step 1 rejected with h = 1.5873e-04, doing over
wavelength_8.35e-07_num_2: step 1 rejected with h = 7.9365e-05, doing over
wavelength_8.35e-07_num_0: [34mremaining : 0h 0min 8s (11% in total). [31mETA : 2021-01-28 20:03:57[0m (132 steps). z = 0.0022, h = 5.5668e-06
wavelength_8.35e-07_num_1: [34mremaining : 0h 0min 8s (11% in total). [31mETA : 2021-01-28 20:03:57[0m (132 steps). z = 0.0022, h = 5.5668e-06
wavelength_8.35e-07_num_2: [34mremaining : 0h 0min 8s (11% in total). [31mETA : 2021-01-28 20:03:57[0m (132 steps). z = 0.0022, h = 5.5668e-06
wavelength_8.35e-07_num_2: [34mremaining : 0h 0min 8s (20% in total). [31mETA : 2021-01-28 20:03:58[0m (353 steps). z = 0.0041, h = 4.8586e-06
wavelength_8.35e-07_num_0: [34mremaining : 0h 0min 8s (20% in total). [31mETA : 2021-01-28 20:03:58[0m (353 steps). z = 0.0041, h = 4.8586e-06
wavelength_8.35e-07_num_1: [34mremaining : 0h 0min 8s (20% in total). [31mETA : 2021-01-28 20:03:58[0m (353 steps). z = 0.0041, h = 4.8586e-06
wavelength_8.35e-07_num_1: [34mremaining : 0h 0min 37s (30% in total). [31mETA : 2021-01-28 20:04:41[0m (2638 steps). z = 0.0060, h = 9.7856e-07
wavelength_8.35e-07_num_2: [34mremaining : 0h 0min 37s (30% in total). [31mETA : 2021-01-28 20:04:41[0m (2638 steps). z = 0.0060, h = 9.7856e-07
wavelength_8.35e-07_num_0: [34mremaining : 0h 0min 37s (30% in total). [31mETA : 2021-01-28 20:04:41[0m (2638 steps). z = 0.0060, h = 9.7856e-07
wavelength_8.35e-07_num_2: [34mremaining : 0h 0min 30s (41% in total). [31mETA : 2021-01-28 20:04:39[0m (3444 steps). z = 0.0083, h = 1.7968e-06
wavelength_8.35e-07_num_1: [34mremaining : 0h 0min 30s (41% in total). [31mETA : 2021-01-28 20:04:39[0m (3444 steps). z = 0.0083, h = 1.7968e-06
wavelength_8.35e-07_num_0: [34mremaining : 0h 0min 30s (41% in total). [31mETA : 2021-01-28 20:04:39[0m (3444 steps). z = 0.0083, h = 1.7968e-06
wavelength_8.35e-07_num_2: [34mremaining : 0h 0min 22s (50% in total). [31mETA : 2021-01-28 20:04:33[0m (3706 steps). z = 0.0102, h = 2.8346e-06
wavelength_8.35e-07_num_1: [34mremaining : 0h 0min 22s (50% in total). [31mETA : 2021-01-28 20:04:33[0m (3706 steps). z = 0.0102, h = 2.8346e-06
wavelength_8.35e-07_num_0: [34mremaining : 0h 0min 22s (50% in total). [31mETA : 2021-01-28 20:04:33[0m (3706 steps). z = 0.0102, h = 2.8346e-06
wavelength_8.35e-07_num_2: [34mremaining : 0h 0min 16s (60% in total). [31mETA : 2021-01-28 20:04:28[0m (3915 steps). z = 0.0121, h = 8.8081e-06
wavelength_8.35e-07_num_1: [34mremaining : 0h 0min 16s (60% in total). [31mETA : 2021-01-28 20:04:28[0m (3915 steps). z = 0.0121, h = 8.8081e-06
wavelength_8.35e-07_num_0: [34mremaining : 0h 0min 16s (60% in total). [31mETA : 2021-01-28 20:04:28[0m (3915 steps). z = 0.0121, h = 8.8081e-06
wavelength_8.35e-07_num_2: [34mremaining : 0h 0min 10s (71% in total). [31mETA : 2021-01-28 20:04:24[0m (4135 steps). z = 0.0143, h = 5.7601e-06
wavelength_8.35e-07_num_1: [34mremaining : 0h 0min 10s (71% in total). [31mETA : 2021-01-28 20:04:24[0m (4135 steps). z = 0.0143, h = 5.7601e-06
wavelength_8.35e-07_num_0: [34mremaining : 0h 0min 10s (71% in total). [31mETA : 2021-01-28 20:04:24[0m (4135 steps). z = 0.0143, h = 5.7601e-06
wavelength_8.35e-07_num_2: [34mremaining : 0h 0min 6s (80% in total). [31mETA : 2021-01-28 20:04:21[0m (4307 steps). z = 0.0162, h = 6.6994e-06
wavelength_8.35e-07_num_1: [34mremaining : 0h 0min 6s (80% in total). [31mETA : 2021-01-28 20:04:21[0m (4307 steps). z = 0.0162, h = 6.6994e-06
wavelength_8.35e-07_num_0: [34mremaining : 0h 0min 6s (80% in total). [31mETA : 2021-01-28 20:04:21[0m (4307 steps). z = 0.0162, h = 6.6994e-06
wavelength_8.35e-07_num_2: [34mremaining : 0h 0min 3s (90% in total). [31mETA : 2021-01-28 20:04:18[0m (4466 steps). z = 0.0181, h = 5.4078e-06
wavelength_8.35e-07_num_0: [34mremaining : 0h 0min 3s (90% in total). [31mETA : 2021-01-28 20:04:19[0m (4466 steps). z = 0.0181, h = 5.4078e-06
wavelength_8.35e-07_num_1: [34mremaining : 0h 0min 3s (90% in total). [31mETA : 2021-01-28 20:04:19[0m (4466 steps). z = 0.0181, h = 5.4078e-06
wavelength_8.35e-07_num_2: [34mremaining : 0h 0min 0s (100% in total). [31mETA : 2021-01-28 20:04:17[0m (4634 steps). z = 0.0200, h = 7.4967e-06
wavelength_8.35e-07_num_2: propagation finished in 4634 steps (28.97378 seconds)
scgenerator.physics.simulate: [34mremaining : 0h 3min 30s (12% in total). [31mETA : 2021-01-28 20:07:47[0m
scgenerator.physics.simulate: launching simulation with [('wavelength', 8.35e-07), ('num', 3)], job : bd37d2621480fc7dffffffff0100000001000000
scgenerator.initialize: computed initial N = 8.66
wavelength_8.35e-07_num_0: [34mremaining : 0h 0min 0s (100% in total). [31mETA : 2021-01-28 20:04:17[0m (4634 steps). z = 0.0200, h = 7.4967e-06
wavelength_8.35e-07_num_1: [34mremaining : 0h 0min 0s (100% in total). [31mETA : 2021-01-28 20:04:17[0m (4634 steps). z = 0.0200, h = 7.4967e-06
wavelength_8.35e-07_num_0: propagation finished in 4634 steps (29.131892 seconds)
wavelength_8.35e-07_num_1: propagation finished in 4634 steps (29.093002 seconds)
scgenerator.physics.simulate: [34mremaining : 0h 1min 33s (25% in total). [31mETA : 2021-01-28 20:05:50[0m
scgenerator.physics.simulate: launching simulation with [('wavelength', 8.3e-07), ('num', 0)], job : 88866c7daffdd00effffffff0100000001000000
scgenerator.physics.simulate: [34mremaining : 0h 0min 52s (37% in total). [31mETA : 2021-01-28 20:05:08[0m
scgenerator.physics.simulate: launching simulation with [('wavelength', 8.3e-07), ('num', 1)], job : d251967856448cebffffffff0100000001000000
wavelength_8.35e-07_num_3: Storing 63 new spectra, first one at 0.00031746031746031746m
wavelength_8.35e-07_num_3: step 1 rejected with h = 1.5873e-04, doing over
wavelength_8.35e-07_num_3: step 1 rejected with h = 7.9365e-05, doing over
wavelength_8.3e-07_num_0: Storing 63 new spectra, first one at 0.00031746031746031746m
wavelength_8.3e-07_num_0: step 1 rejected with h = 1.5873e-04, doing over
wavelength_8.3e-07_num_0: step 1 rejected with h = 7.9365e-05, doing over
wavelength_8.3e-07_num_1: Storing 63 new spectra, first one at 0.00031746031746031746m
wavelength_8.3e-07_num_1: step 1 rejected with h = 1.5873e-04, doing over
wavelength_8.3e-07_num_1: step 1 rejected with h = 7.9365e-05, doing over
wavelength_8.35e-07_num_3: [34mremaining : 0h 0min 0s (11% in total). [31mETA : 2021-01-28 20:04:18[0m (132 steps). z = 0.0022, h = 5.5668e-06
wavelength_8.3e-07_num_0: [34mremaining : 0h 0min 0s (11% in total). [31mETA : 2021-01-28 20:04:19[0m (132 steps). z = 0.0022, h = 5.5668e-06
wavelength_8.3e-07_num_1: [34mremaining : 0h 0min 0s (11% in total). [31mETA : 2021-01-28 20:04:19[0m (132 steps). z = 0.0022, h = 5.5668e-06
wavelength_8.35e-07_num_3: [34mremaining : 0h 0min 8s (20% in total). [31mETA : 2021-01-28 20:04:28[0m (353 steps). z = 0.0041, h = 4.8586e-06
wavelength_8.3e-07_num_0: [34mremaining : 0h 0min 8s (20% in total). [31mETA : 2021-01-28 20:04:28[0m (353 steps). z = 0.0041, h = 4.8586e-06
wavelength_8.3e-07_num_1: [34mremaining : 0h 0min 8s (20% in total). [31mETA : 2021-01-28 20:04:28[0m (353 steps). z = 0.0041, h = 4.8586e-06
wavelength_8.3e-07_num_0: step 997 rejected with h = 2.7537e-06, doing over
wavelength_8.3e-07_num_1: step 997 rejected with h = 2.7537e-06, doing over
wavelength_8.3e-07_num_0: [34mremaining : 0h 0min 30s (30% in total). [31mETA : 2021-01-28 20:05:01[0m (2162 steps). z = 0.0060, h = 3.8127e-08
wavelength_8.3e-07_num_1: [34mremaining : 0h 0min 30s (30% in total). [31mETA : 2021-01-28 20:05:01[0m (2162 steps). z = 0.0060, h = 3.8127e-08
wavelength_8.35e-07_num_3: [34mremaining : 0h 0min 35s (30% in total). [31mETA : 2021-01-28 20:05:08[0m (2638 steps). z = 0.0060, h = 9.7856e-07
wavelength_8.3e-07_num_0: [34mremaining : 0h 0min 24s (41% in total). [31mETA : 2021-01-28 20:05:00[0m (2991 steps). z = 0.0083, h = 5.8562e-06
wavelength_8.3e-07_num_1: [34mremaining : 0h 0min 24s (41% in total). [31mETA : 2021-01-28 20:05:00[0m (2991 steps). z = 0.0083, h = 5.8562e-06
wavelength_8.3e-07_num_0: [34mremaining : 0h 0min 18s (50% in total). [31mETA : 2021-01-28 20:04:56[0m (3242 steps). z = 0.0102, h = 6.5756e-06
wavelength_8.3e-07_num_1: [34mremaining : 0h 0min 18s (50% in total). [31mETA : 2021-01-28 20:04:56[0m (3242 steps). z = 0.0102, h = 6.5756e-06
wavelength_8.35e-07_num_3: [34mremaining : 0h 0min 28s (41% in total). [31mETA : 2021-01-28 20:05:07[0m (3444 steps). z = 0.0083, h = 1.7968e-06
wavelength_8.3e-07_num_0: [34mremaining : 0h 0min 13s (60% in total). [31mETA : 2021-01-28 20:04:52[0m (3443 steps). z = 0.0121, h = 2.9227e-06
wavelength_8.3e-07_num_1: [34mremaining : 0h 0min 13s (60% in total). [31mETA : 2021-01-28 20:04:52[0m (3443 steps). z = 0.0121, h = 2.9227e-06
wavelength_8.3e-07_num_0: [34mremaining : 0h 0min 9s (71% in total). [31mETA : 2021-01-28 20:04:49[0m (3664 steps). z = 0.0143, h = 1.1425e-05
wavelength_8.3e-07_num_1: [34mremaining : 0h 0min 9s (71% in total). [31mETA : 2021-01-28 20:04:49[0m (3664 steps). z = 0.0143, h = 1.1425e-05
wavelength_8.35e-07_num_3: [34mremaining : 0h 0min 21s (50% in total). [31mETA : 2021-01-28 20:05:01[0m (3706 steps). z = 0.0102, h = 2.8346e-06
wavelength_8.3e-07_num_0: [34mremaining : 0h 0min 5s (80% in total). [31mETA : 2021-01-28 20:04:46[0m (3833 steps). z = 0.0162, h = 1.0515e-05
wavelength_8.3e-07_num_1: [34mremaining : 0h 0min 5s (80% in total). [31mETA : 2021-01-28 20:04:46[0m (3833 steps). z = 0.0162, h = 1.0515e-05
wavelength_8.35e-07_num_3: [34mremaining : 0h 0min 16s (60% in total). [31mETA : 2021-01-28 20:04:58[0m (3915 steps). z = 0.0121, h = 8.8081e-06
wavelength_8.3e-07_num_0: [34mremaining : 0h 0min 3s (90% in total). [31mETA : 2021-01-28 20:04:46[0m (4003 steps). z = 0.0181, h = 7.4644e-06
wavelength_8.3e-07_num_1: [34mremaining : 0h 0min 3s (90% in total). [31mETA : 2021-01-28 20:04:46[0m (4003 steps). z = 0.0181, h = 7.4644e-06
wavelength_8.35e-07_num_3: [34mremaining : 0h 0min 10s (71% in total). [31mETA : 2021-01-28 20:04:55[0m (4135 steps). z = 0.0143, h = 5.7601e-06
wavelength_8.3e-07_num_0: [34mremaining : 0h 0min 0s (100% in total). [31mETA : 2021-01-28 20:04:45[0m (4181 steps). z = 0.0200, h = 1.21e-05
wavelength_8.3e-07_num_1: [34mremaining : 0h 0min 0s (100% in total). [31mETA : 2021-01-28 20:04:45[0m (4181 steps). z = 0.0200, h = 1.21e-05
wavelength_8.3e-07_num_0: propagation finished in 4181 steps (27.237882 seconds)
wavelength_8.3e-07_num_1: propagation finished in 4181 steps (27.326729 seconds)
scgenerator.physics.simulate: [34mremaining : 0h 0min 59s (50% in total). [31mETA : 2021-01-28 20:05:44[0m
scgenerator.physics.simulate: launching simulation with [('wavelength', 8.3e-07), ('num', 2)], job : 3bf0c856ace5a4d8ffffffff0100000001000000
scgenerator.physics.simulate: [34mremaining : 0h 0min 35s (62% in total). [31mETA : 2021-01-28 20:05:21[0m
scgenerator.physics.simulate: launching simulation with [('wavelength', 8.3e-07), ('num', 3)], job : 72e11b46e93d91e4ffffffff0100000001000000
wavelength_8.3e-07_num_2: Storing 63 new spectra, first one at 0.00031746031746031746m
wavelength_8.3e-07_num_2: step 1 rejected with h = 1.5873e-04, doing over
wavelength_8.3e-07_num_2: step 1 rejected with h = 7.9365e-05, doing over
wavelength_8.3e-07_num_3: Storing 63 new spectra, first one at 0.00031746031746031746m
wavelength_8.3e-07_num_3: step 1 rejected with h = 1.5873e-04, doing over
wavelength_8.3e-07_num_3: step 1 rejected with h = 7.9365e-05, doing over
wavelength_8.35e-07_num_3: [34mremaining : 0h 0min 7s (80% in total). [31mETA : 2021-01-28 20:04:54[0m (4307 steps). z = 0.0162, h = 6.6994e-06
wavelength_8.3e-07_num_2: [34mremaining : 0h 0min 8s (11% in total). [31mETA : 2021-01-28 20:04:56[0m (132 steps). z = 0.0022, h = 5.5668e-06
wavelength_8.3e-07_num_3: [34mremaining : 0h 0min 8s (11% in total). [31mETA : 2021-01-28 20:04:56[0m (132 steps). z = 0.0022, h = 5.5668e-06
wavelength_8.35e-07_num_3: [34mremaining : 0h 0min 3s (90% in total). [31mETA : 2021-01-28 20:04:52[0m (4466 steps). z = 0.0181, h = 5.4078e-06
wavelength_8.3e-07_num_2: [34mremaining : 0h 0min 8s (20% in total). [31mETA : 2021-01-28 20:04:57[0m (353 steps). z = 0.0041, h = 4.8586e-06
wavelength_8.35e-07_num_3: [34mremaining : 0h 0min 0s (100% in total). [31mETA : 2021-01-28 20:04:50[0m (4634 steps). z = 0.0200, h = 7.4967e-06
wavelength_8.35e-07_num_3: propagation finished in 4634 steps (31.918563 seconds)
scgenerator.physics.simulate: [34mremaining : 0h 0min 21s (75% in total). [31mETA : 2021-01-28 20:05:11[0m
wavelength_8.3e-07_num_3: [34mremaining : 0h 0min 8s (20% in total). [31mETA : 2021-01-28 20:04:57[0m (353 steps). z = 0.0041, h = 4.8586e-06
wavelength_8.3e-07_num_3: step 997 rejected with h = 2.7537e-06, doing over
wavelength_8.3e-07_num_2: step 997 rejected with h = 2.7537e-06, doing over
wavelength_8.3e-07_num_2: [34mremaining : 0h 0min 25s (30% in total). [31mETA : 2021-01-28 20:05:24[0m (2162 steps). z = 0.0060, h = 3.8127e-08
wavelength_8.3e-07_num_3: [34mremaining : 0h 0min 25s (30% in total). [31mETA : 2021-01-28 20:05:24[0m (2162 steps). z = 0.0060, h = 3.8127e-08
wavelength_8.3e-07_num_2: [34mremaining : 0h 0min 21s (41% in total). [31mETA : 2021-01-28 20:05:24[0m (2991 steps). z = 0.0083, h = 5.8562e-06
wavelength_8.3e-07_num_3: [34mremaining : 0h 0min 21s (41% in total). [31mETA : 2021-01-28 20:05:24[0m (2991 steps). z = 0.0083, h = 5.8562e-06
wavelength_8.3e-07_num_2: [34mremaining : 0h 0min 16s (50% in total). [31mETA : 2021-01-28 20:05:20[0m (3242 steps). z = 0.0102, h = 6.5756e-06
wavelength_8.3e-07_num_3: [34mremaining : 0h 0min 16s (50% in total). [31mETA : 2021-01-28 20:05:21[0m (3242 steps). z = 0.0102, h = 6.5756e-06
wavelength_8.3e-07_num_2: [34mremaining : 0h 0min 12s (60% in total). [31mETA : 2021-01-28 20:05:17[0m (3443 steps). z = 0.0121, h = 2.9227e-06
wavelength_8.3e-07_num_3: [34mremaining : 0h 0min 12s (60% in total). [31mETA : 2021-01-28 20:05:17[0m (3443 steps). z = 0.0121, h = 2.9227e-06
wavelength_8.3e-07_num_2: [34mremaining : 0h 0min 8s (71% in total). [31mETA : 2021-01-28 20:05:14[0m (3664 steps). z = 0.0143, h = 1.1425e-05
wavelength_8.3e-07_num_3: [34mremaining : 0h 0min 8s (71% in total). [31mETA : 2021-01-28 20:05:14[0m (3664 steps). z = 0.0143, h = 1.1425e-05
wavelength_8.3e-07_num_2: [34mremaining : 0h 0min 5s (80% in total). [31mETA : 2021-01-28 20:05:12[0m (3833 steps). z = 0.0162, h = 1.0515e-05
wavelength_8.3e-07_num_3: [34mremaining : 0h 0min 5s (80% in total). [31mETA : 2021-01-28 20:05:13[0m (3833 steps). z = 0.0162, h = 1.0515e-05
wavelength_8.3e-07_num_2: [34mremaining : 0h 0min 2s (90% in total). [31mETA : 2021-01-28 20:05:11[0m (4003 steps). z = 0.0181, h = 7.4644e-06
wavelength_8.3e-07_num_3: [34mremaining : 0h 0min 2s (90% in total). [31mETA : 2021-01-28 20:05:11[0m (4003 steps). z = 0.0181, h = 7.4644e-06
wavelength_8.3e-07_num_2: [34mremaining : 0h 0min 0s (100% in total). [31mETA : 2021-01-28 20:05:10[0m (4181 steps). z = 0.0200, h = 1.21e-05
wavelength_8.3e-07_num_2: propagation finished in 4181 steps (22.964871 seconds)
scgenerator.physics.simulate: [34mremaining : 0h 0min 12s (87% in total). [31mETA : 2021-01-28 20:05:22[0m
wavelength_8.3e-07_num_3: [34mremaining : 0h 0min 0s (100% in total). [31mETA : 2021-01-28 20:05:10[0m (4181 steps). z = 0.0200, h = 1.21e-05
wavelength_8.3e-07_num_3: propagation finished in 4181 steps (22.72864 seconds)
scgenerator.physics.simulate: [34mremaining : 0h 0min 0s (100% in total). [31mETA : 2021-01-28 20:05:10[0m
scgenerator.physics.simulate: Merging data...
scgenerator.physics.simulate: Finished simulations from config full anomalous !
